#
# There is insufficient memory for the Java Runtime Environment to continue.
# Native memory allocation (mmap) failed to map 67108864 bytes for Failed to commit area from 0x00000000fc000000 to 0x0000000100000000 of length 67108864.
# Possible reasons:
#   The system is out of physical RAM or swap space
#   The process is running with CompressedOops enabled, and the Java Heap may be blocking the growth of the native heap
# Possible solutions:
#   Reduce memory load on the system
#   Increase physical memory or swap space
#   Check if swap backing store is full
#   Decrease Java heap size (-Xmx/-Xms)
#   Decrease number of Java threads
#   Decrease Java thread stack sizes (-Xss)
#   Set larger code cache with -XX:ReservedCodeCacheSize=
# This output file may be truncated or incomplete.
#
#  Out of Memory Error (./src/hotspot/os/windows/os_windows.cpp:3390), pid=6352, tid=8524
#
# JRE version:  (11.0.15+10) (build )
# Java VM: OpenJDK 64-Bit Server VM (11.0.15+10, mixed mode, sharing, tiered, compressed oops, g1 gc, windows-amd64)
# No core dump will be written. Minidumps are not enabled by default on client versions of Windows
#

---------------  S U M M A R Y ------------

Command Line: -Xmx64m -Xms64m -Dorg.gradle.appname=gradlew org.gradle.wrapper.GradleWrapperMain app:installDebug -PreactNativeDevServerPort=8081

Host: Intel(R) Core(TM) i5-7200U CPU @ 2.50GHz, 4 cores, 7G,  Windows 10 , 64 bit Build 19041 (10.0.19041.1741)
Time: Sat Jul  2 01:07:45 2022 Myanmar Standard Time elapsed time: 0.079538 seconds (0d 0h 0m 0s)

---------------  T H R E A D  ---------------

Current thread (0x000001c789eff000):  JavaThread "Unknown thread" [_thread_in_vm, id=8524, stack(0x0000002c70a00000,0x0000002c70b00000)]

Stack: [0x0000002c70a00000,0x0000002c70b00000]
Native frames: (J=compiled Java code, j=interpreted, Vv=VM code, C=native code)
V  [jvm.dll+0x64dd3a]
V  [jvm.dll+0x7906c9]
V  [jvm.dll+0x791d9c]
V  [jvm.dll+0x792463]
V  [jvm.dll+0x265048]
V  [jvm.dll+0x64ac9a]
V  [jvm.dll+0x63f205]
V  [jvm.dll+0x32090c]
V  [jvm.dll+0x320792]
V  [jvm.dll+0x326076]
V  [jvm.dll+0x374b2f]
V  [jvm.dll+0x374550]
V  [jvm.dll+0x2fbec8]
V  [jvm.dll+0x2fd036]
V  [jvm.dll+0x769e77]
V  [jvm.dll+0x76b63f]
V  [jvm.dll+0x3819c9]
V  [jvm.dll+0x74c60e]
V  [jvm.dll+0x3f489d]
V  [jvm.dll+0x3f6ab1]
C  [jli.dll+0x51c7]
C  [ucrtbase.dll+0x21bb2]
C  [KERNEL32.DLL+0x17034]
C  [ntdll.dll+0x52651]


---------------  P R O C E S S  ---------------

Threads class SMR info:
_java_thread_list=0x000001c787e61b00, length=0, elements={
}

Java Threads: ( => current thread )

Other Threads:
  0x000001c789f15800 GCTaskThread "GC Thread#0" [stack: 0x0000002c70b00000,0x0000002c70c00000] [id=19372]
  0x000001c789f1c800 ConcurrentGCThread "G1 Main Marker" [stack: 0x0000002c70c00000,0x0000002c70d00000] [id=19936]
  0x000001c789f1f000 ConcurrentGCThread "G1 Conc#0" [stack: 0x0000002c70d00000,0x0000002c70e00000] [id=15372]

[error occurred during error reporting (printing all threads), id 0xc0000005, EXCEPTION_ACCESS_VIOLATION (0xc0000005) at pc=0x00007fff3f1ab8e7]

VM state:not at safepoint (not fully initialized)

VM Mutex/Monitor currently owned by a thread:  ([mutex/lock_event])
[0x000001c789ef9a90] Heap_lock - owner thread: 0x000001c789eff000

Heap address: 0x00000000fc000000, size: 64 MB, Compressed Oops mode: Non-zero based: 0x00000000fc000000
Narrow klass base: 0x0000000000000000, Narrow klass shift: 0

GC Heap History (0 events):
No events

Deoptimization events (0 events):
No events

Classes redefined (0 events):
No events

Internal exceptions (0 events):
No events

Events (1 events):
Event: 0.050 Loaded shared library C:\Program Files\OpenJDK\openjdk-11.0.15_10\bin\zip.dll


Dynamic libraries:
0x00007ff6b3020000 - 0x00007ff6b302d000 	C:\Program Files\OpenJDK\openjdk-11.0.15_10\bin\java.exe
0x00007fff83410000 - 0x00007fff83607000 	C:\WINDOWS\SYSTEM32\ntdll.dll
0x00007fff81e70000 - 0x00007fff81f2d000 	C:\WINDOWS\System32\KERNEL32.DLL
0x00007fff81050000 - 0x00007fff8131d000 	C:\WINDOWS\System32\KERNELBASE.dll
0x00007fff81320000 - 0x00007fff81420000 	C:\WINDOWS\System32\ucrtbase.dll
0x00007fff78ef0000 - 0x00007fff78f08000 	C:\Program Files\OpenJDK\openjdk-11.0.15_10\bin\jli.dll
0x00007fff826b0000 - 0x00007fff82850000 	C:\WINDOWS\System32\USER32.dll
0x00007fff81020000 - 0x00007fff81042000 	C:\WINDOWS\System32\win32u.dll
0x00007fff81f30000 - 0x00007fff81f5a000 	C:\WINDOWS\System32\GDI32.dll
0x00007fff80cb0000 - 0x00007fff80dbb000 	C:\WINDOWS\System32\gdi32full.dll
0x00007fff80b30000 - 0x00007fff80bcd000 	C:\WINDOWS\System32\msvcp_win.dll
0x00007fff77980000 - 0x00007fff77996000 	C:\Program Files\OpenJDK\openjdk-11.0.15_10\bin\VCRUNTIME140.dll
0x00007fff64be0000 - 0x00007fff64e7a000 	C:\WINDOWS\WinSxS\amd64_microsoft.windows.common-controls_6595b64144ccf1df_6.0.19041.1110_none_60b5254171f9507e\COMCTL32.dll
0x00007fff81f60000 - 0x00007fff81ffe000 	C:\WINDOWS\System32\msvcrt.dll
0x00007fff82930000 - 0x00007fff82960000 	C:\WINDOWS\System32\IMM32.DLL
0x00007fff5e8f0000 - 0x00007fff5e99a000 	C:\Program Files\OpenJDK\openjdk-11.0.15_10\bin\msvcp140.dll
0x00007fff3eea0000 - 0x00007fff3f9f1000 	C:\Program Files\OpenJDK\openjdk-11.0.15_10\bin\server\jvm.dll
0x00007fff82110000 - 0x00007fff821be000 	C:\WINDOWS\System32\ADVAPI32.dll
0x00007fff818e0000 - 0x00007fff8197c000 	C:\WINDOWS\System32\sechost.dll
0x00007fff823d0000 - 0x00007fff824f5000 	C:\WINDOWS\System32\RPCRT4.dll
0x00007fff832a0000 - 0x00007fff832a8000 	C:\WINDOWS\System32\PSAPI.DLL
0x00007fff60d70000 - 0x00007fff60d79000 	C:\WINDOWS\SYSTEM32\WSOCK32.dll
0x00007fff82010000 - 0x00007fff8207b000 	C:\WINDOWS\System32\WS2_32.dll
0x00007fff660b0000 - 0x00007fff660d7000 	C:\WINDOWS\SYSTEM32\WINMM.dll
0x00007fff7b590000 - 0x00007fff7b59a000 	C:\WINDOWS\SYSTEM32\VERSION.dll
0x00007fff7f3d0000 - 0x00007fff7f3e2000 	C:\WINDOWS\SYSTEM32\kernel.appcore.dll
0x00007fff77820000 - 0x00007fff77831000 	C:\Program Files\OpenJDK\openjdk-11.0.15_10\bin\verify.dll
0x00007fff7b8a0000 - 0x00007fff7ba84000 	C:\WINDOWS\SYSTEM32\DBGHELP.DLL
0x00007fff638d0000 - 0x00007fff638fc000 	C:\WINDOWS\SYSTEM32\dbgcore.DLL
0x00007fff80e30000 - 0x00007fff80eb2000 	C:\WINDOWS\System32\bcryptPrimitives.dll
0x00007fff777f0000 - 0x00007fff77819000 	C:\Program Files\OpenJDK\openjdk-11.0.15_10\bin\java.dll
0x00007fff7b510000 - 0x00007fff7b51a000 	C:\Program Files\OpenJDK\openjdk-11.0.15_10\bin\jimage.dll
0x00007fff77760000 - 0x00007fff77778000 	C:\Program Files\OpenJDK\openjdk-11.0.15_10\bin\zip.dll

dbghelp: loaded successfully - version: 4.0.5 - missing functions: none
symbol engine: initialized successfully - sym options: 0x614 - pdb path: .;C:\Program Files\OpenJDK\openjdk-11.0.15_10\bin;C:\WINDOWS\SYSTEM32;C:\WINDOWS\WinSxS\amd64_microsoft.windows.common-controls_6595b64144ccf1df_6.0.19041.1110_none_60b5254171f9507e;C:\Program Files\OpenJDK\openjdk-11.0.15_10\bin\server

VM Arguments:
jvm_args: -Xmx64m -Xms64m -Dorg.gradle.appname=gradlew 
java_command: org.gradle.wrapper.GradleWrapperMain app:installDebug -PreactNativeDevServerPort=8081
java_class_path (initial): C:\Users\SiThu\Documents\react\AssignmentApp\android\\gradle\wrapper\gradle-wrapper.jar
Launcher Type: SUN_STANDARD

[Global flags]
     intx CICompilerCount                          = 3                                         {product} {ergonomic}
     uint ConcGCThreads                            = 1                                         {product} {ergonomic}
     uint G1ConcRefinementThreads                  = 4                                         {product} {ergonomic}
   size_t G1HeapRegionSize                         = 1048576                                   {product} {ergonomic}
    uintx GCDrainStackTargetSize                   = 64                                        {product} {ergonomic}
   size_t InitialHeapSize                          = 67108864                                  {product} {command line}
   size_t MarkStackSize                            = 4194304                                   {product} {ergonomic}
   size_t MaxHeapSize                              = 67108864                                  {product} {command line}
   size_t MinHeapDeltaBytes                        = 1048576                                   {product} {ergonomic}
    uintx NonNMethodCodeHeapSize                   = 5830732                                {pd product} {ergonomic}
    uintx NonProfiledCodeHeapSize                  = 122913754                              {pd product} {ergonomic}
    uintx ProfiledCodeHeapSize                     = 122913754                              {pd product} {ergonomic}
    uintx ReservedCodeCacheSize                    = 251658240                              {pd product} {ergonomic}
     bool SegmentedCodeCache                       = true                                      {product} {ergonomic}
     bool UseCompressedClassPointers               = true                                 {lp64_product} {ergonomic}
     bool UseCompressedOops                        = true                                 {lp64_product} {ergonomic}
     bool UseG1GC                                  = true                                      {product} {ergonomic}
     bool UseLargePagesIndividualAllocation        = false                                  {pd product} {ergonomic}

Logging:
Log output configuration:
 #0: stdout all=warning uptime,level,tags
 #1: stderr all=off uptime,level,tags

Environment Variables:
JAVA_HOME=C:\Program Files\OpenJDK\openjdk-11.0.15_10
CLASSPATH=C:\Users\SiThu\Documents\react\AssignmentApp\android\\gradle\wrapper\gradle-wrapper.jar
PATH=C:\Users\SiThu\Documents\react\AssignmentApp\android\node_modules\.bin;C:\Users\SiThu\Documents\react\AssignmentApp\node_modules\.bin;C:\Users\SiThu\Documents\react\node_modules\.bin;C:\Users\SiThu\Documents\node_modules\.bin;C:\Users\SiThu\node_modules\.bin;C:\Users\node_modules\.bin;C:\node_modules\.bin;C:\Program Files\nodejs;C:\Users\SiThu\Documents\react\AssignmentApp\node_modules\.bin;C:\Users\SiThu\Documents\react\node_modules\.bin;C:\Users\SiThu\Documents\node_modules\.bin;C:\Users\SiThu\node_modules\.bin;C:\Users\node_modules\.bin;C:\node_modules\.bin;C:\Users\SiThu\AppData\Roaming\nvm\v16.14.0\node_modules\npm\node_modules\@npmcli\run-script\lib\node-gyp-bin;C:\Program Files (x86)\Common Files\Oracle\Java\javapath;C:\WINDOWS\system32;C:\WINDOWS;C:\WINDOWS\System32\Wbem;C:\WINDOWS\System32\WindowsPowerShell\v1.0\;C:\WINDOWS\System32\OpenSSH\;C:\xampp\php;C:\ProgramData\ComposerSetup\bin;C:\Program Files\Git\cmd;C:\Users\SiThu\AppData\Local\Android\Sdk\platforms;C:\xampp\mysql\bin;C:\Users\SiThu\AppData\Local\Yarn\bin;C:\Users\SiThu\AppData\Roaming\nvm;C:\Program Files\nodejs;C:\ProgramData\chocolatey\bin;C:\Program Files\OpenJDK\openjdk-11.0.15_10\bin;C:\Users\SiThu\AppData\Local\Android\Sdk\platform-tools;C:\Program Files\Docker\Docker\resources\bin;C:\ProgramData\DockerDesktop\version-bin;C:\Users\SiThu\AppData\Local\Android\Sdk\platforms;C:\Users\SiThu\AppData\Local\Microsoft\WindowsApps;C:\Users\SiThu\AppData\Roaming\Composer\vendor\bin;C:\Users\SiThu\AppData\Roaming\npm;C:\Users\SiThu\AppData\Local\Programs\Microsoft VS Code\bin;C:\Users\SiThu\AppData\Roaming\nvm;C:\Program Files\nodejs;C:\Users\SiThu\AppData\Local\Android\Sdk\platform-tools;C:\Gradle\gradle-7.3.3\bin;;C:\Users\SiThu\Documents\react\AssignmentApp\node_modules\.bin
USERNAME=SiThu
LANG=en_US.UTF-8
OS=Windows_NT
PROCESSOR_IDENTIFIER=Intel64 Family 6 Model 142 Stepping 9, GenuineIntel



---------------  S Y S T E M  ---------------

OS: Windows 10 , 64 bit Build 19041 (10.0.19041.1741)
OS uptime: 0 days 11:13 hours
Hyper-V role detected

CPU:total 4 (initial active 4) (2 cores per cpu, 2 threads per core) family 6 model 142 stepping 9 microcode 0xec, cmov, cx8, fxsr, mmx, sse, sse2, sse3, ssse3, sse4.1, sse4.2, popcnt, avx, avx2, aes, clmul, erms, 3dnowpref, lzcnt, ht, tsc, tscinvbit, bmi1, bmi2, adx, fma

Memory: 4k page, system-wide physical 8085M (708M free)
TotalPageFile size 20969M (AvailPageFile size 48M)
current process WorkingSet (physical memory assigned to process): 9M, peak: 9M
current process commit charge ("private bytes"): 51M, peak: 115M

vm_info: OpenJDK 64-Bit Server VM (11.0.15+10) for windows-amd64 JRE (11.0.15+10), built on Apr 21 2022 21:29:46 by "tester" with MS VC++ 15.5 (VS2017)

END.
